[2024-04-28 17:39:29,607] multiqc                                            [DEBUG  ]  This is MultiQC v1.21
[2024-04-28 17:39:29,608] multiqc                                            [DEBUG  ]  Command used: /home/sbidanta/miniconda3/bin/multiqc /mnt/c/Users/Supriya/Bioinformatics/Internships/tech-exam/2024-intern/question2 -o /mnt/c/Users/Supriya/Bioinformatics/Internships/tech-exam/2024-intern/question2
[2024-04-28 17:39:30,570] multiqc                                            [DEBUG  ]  Latest MultiQC version is v1.21, released 2024-02-28
[2024-04-28 17:39:30,573] multiqc                                            [DEBUG  ]  Working dir : /home/sbidanta/Workspace
[2024-04-28 17:39:30,574] multiqc                                            [DEBUG  ]  Template    : default
[2024-04-28 17:39:30,574] multiqc                                            [DEBUG  ]  Running Python 3.10.8 (main, Nov 24 2022, 14:13:03) [GCC 11.2.0]
[2024-04-28 17:39:30,574] multiqc                                            [DEBUG  ]  Analysing modules: custom_content, ccs, ngsderive, purple, conpair, isoseq, lima, peddy, somalier, methylqa, mosdepth, phantompeakqualtools, qualimap, bamdst, preseq, hifiasm, quast, qorts, rna_seqc, rockhopper, rsem, rseqc, busco, bustools, goleft_indexcov, gffcompare, disambiguate, supernova, deeptools, sargasso, verifybamid, mirtrace, happy, mirtop, sambamba, gopeaks, homer, hops, macs2, theta2, snpeff, gatk, htseq, bcftools, featureCounts, fgbio, dragen, dragen_fastqc, dedup, pbmarkdup, damageprofiler, mapdamage, biobambam2, jcvi, mtnucratio, picard, vep, bakta, prokka, qc3C, nanostat, samblaster, samtools, sexdeterrmine, seqera_cli, eigenstratdatabasetools, bamtools, jellyfish, vcftools, longranger, stacks, varscan2, snippy, umitools, truvari, megahit, bbmap, bismark, biscuit, diamond, hicexplorer, hicup, hicpro, salmon, kallisto, slamdunk, star, hisat2, tophat, bowtie2, bowtie1, cellranger, snpsplit, odgi, pangolin, nextclade, freyja, humid, kat, leehom, librarian, nonpareil, adapterRemoval, bbduk, clipandmerge, cutadapt, flexbar, sourmash, kaiju, bracken, kraken, malt, motus, trimmomatic, sickle, skewer, sortmerna, biobloomtools, fastq_screen, afterqc, fastp, fastqc, filtlong, prinseqplusplus, pychopper, porechop, pycoqc, minionqc, anglerfish, multivcfanalyzer, clusterflow, checkqc, bcl2fastq, bclconvert, interop, ivar, flash, seqyclean, optitype, whatshap, spaceranger, xenome, xengsort, metaphlan, seqwho
[2024-04-28 17:39:30,575] multiqc                                            [DEBUG  ]  Using temporary directory for creating report: /tmp/tmp5ofbe_85
[2024-04-28 17:39:30,575] multiqc                                            [INFO   ]  Search path : /mnt/c/Users/Supriya/Bioinformatics/Internships/tech-exam/2024-intern/question2
[2024-04-28 17:39:31,919] multiqc                                            [DEBUG  ]  Summary of files that were skipped by the search: [skipped_module_specific_max_filesize: 260] // [skipped_no_match: 20]
[2024-04-28 17:39:31,937] multiqc                                            [DEBUG  ]  No samples found: custom_content
[2024-04-28 17:39:32,123] multiqc.modules.fastqc.fastqc                      [INFO   ]  Found 20 reports
[2024-04-28 17:39:32,123] multiqc.utils.util_functions                       [DEBUG  ]  Wrote data file multiqc_fastqc.txt
[2024-04-28 17:39:32,298] multiqc.plots.plotly.heatmap                       [DEBUG  ]  Resizing from 450x520 to fit the maximum size 900x500
[2024-04-28 17:39:32,298] multiqc.plots.plotly.heatmap                       [DEBUG  ]  Heatmap size: 900x500, px per element: 90.00x25.00
[2024-04-28 17:39:32,305] multiqc.utils.software_versions                    [DEBUG  ]  Reading software versions from config.software_versions
[2024-04-28 17:39:32,306] multiqc.utils.util_functions                       [DEBUG  ]  Wrote data file multiqc_software_versions.txt
[2024-04-28 17:39:32,334] multiqc.utils.util_functions                       [DEBUG  ]  Wrote data file multiqc_general_stats.txt
[2024-04-28 17:39:32,335] multiqc                                            [DEBUG  ]  Compressing plot data
[2024-04-28 17:39:32,683] multiqc.utils.util_functions                       [DEBUG  ]  Wrote data file multiqc_data.json
[2024-04-28 17:39:32,687] multiqc                                            [INFO   ]  Report      : ../../../mnt/c/Users/Supriya/Bioinformatics/Internships/tech-exam/2024-intern/question2/multiqc_report.html
[2024-04-28 17:39:32,688] multiqc                                            [INFO   ]  Data        : ../../../mnt/c/Users/Supriya/Bioinformatics/Internships/tech-exam/2024-intern/question2/multiqc_data
[2024-04-28 17:39:32,688] multiqc                                            [DEBUG  ]  Moving data file from '/tmp/tmp5ofbe_85/multiqc_data' to '/mnt/c/Users/Supriya/Bioinformatics/Internships/tech-exam/2024-intern/question2/multiqc_data'
[2024-04-28 17:39:32,761] multiqc                                            [DEBUG  ]  Full report path: /mnt/c/Users/Supriya/Bioinformatics/Internships/tech-exam/2024-intern/question2/multiqc_report.html
[2024-04-28 17:39:32,939] multiqc                                            [INFO   ]  MultiQC complete
